P-CAD 2001 Schematic(v16.02.04): Design.cpp (1011) at Wed Nov 15 21:31:21 2017
P-CAD 2001 Schematic(v16.02.04): Design.cpp (1011) at Fri Nov 30 22:14:14 2018
P-CAD 2001 Schematic(v16.02.04): FileObj.cpp (263) at Fri Nov 30 22:14:16 2018
P-CAD 2001 Schematic(v16.02.04): SchDsgn.cpp (3806) at Fri Nov 30 22:14:17 2018
P-CAD 2001 Schematic(v16.02.04): Design.cpp (1011) at Fri Nov 30 22:14:42 2018
P-CAD 2001 Schematic(v16.02.04): FileObj.cpp (263) at Fri Nov 30 22:14:44 2018
P-CAD 2001 Schematic(v16.02.04) 'C:\Users\Nastya\Desktop\Kopia_Kopia_Kopia_1.sch': ReportMgr.cpp (1067) at Fri Nov 30 22:14:50 2018
P-CAD 2001 Schematic(v16.02.04): Design.cpp (1011) at Fri Nov 30 22:14:59 2018
P-CAD 2001 Schematic(v16.02.04): FileObj.cpp (263) at Fri Nov 30 22:15:00 2018
P-CAD 2001 Schematic(v16.02.04): Design.cpp (1011) at Fri Nov 30 22:15:13 2018
P-CAD 2001 Schematic(v16.02.04): FileObj.cpp (263) at Fri Nov 30 22:15:14 2018
P-CAD 2001 Schematic(v16.02.04): Design.cpp (1011) at Sat Dec 01 13:17:19 2018
P-CAD 2001 Schematic(v16.02.04): FileObj.cpp (263) at Sat Dec 01 13:17:20 2018
P-CAD 2001 Schematic(v16.02.04): SchDsgn.cpp (3806) at Sat Dec 01 13:17:21 2018
P-CAD 2001 Schematic(v16.02.04) 'C:\Users\Nastya\Desktop\Kopia_Kopia_Kopia_1.sch': ReportMgr.cpp (1067) at Sat Dec 01 13:30:53 2018
P-CAD 2001 Schematic(v16.02.04): Design.cpp (1011) at Sat Dec 01 13:31:08 2018
P-CAD 2001 Schematic(v16.02.04): FileObj.cpp (263) at Sat Dec 01 13:31:09 2018
P-CAD 2001 Schematic(v16.02.04): SchDsgn.cpp (3806) at Sat Dec 01 13:31:10 2018
P-CAD 2001 Schematic(v16.02.04) 'C:\Users\Nastya\Desktop\Kopia_Kopia_Kopia_1.sch': ReportMgr.cpp (1067) at Sat Dec 01 15:21:46 2018
P-CAD 2001 Schematic(v16.02.04): Design.cpp (1011) at Sun Dec 02 15:44:45 2018
P-CAD 2001 Schematic(v16.02.04): FileObj.cpp (263) at Sun Dec 02 15:44:50 2018
P-CAD 2001 Schematic(v16.02.04): Design.cpp (1011) at Sun Dec 02 15:45:02 2018
P-CAD 2001 Schematic(v16.02.04): FileObj.cpp (263) at Sun Dec 02 15:45:03 2018
P-CAD 2001 Schematic(v16.02.04): SchDsgn.cpp (3806) at Sun Dec 02 15:45:03 2018
P-CAD 2001 Schematic(v16.02.04) 'C:\Users\Nastya\Desktop\Kopia_Kopia_Kopia_1.sch': ReportMgr.cpp (1067) at Sun Dec 02 15:45:19 2018
P-CAD 2001 Schematic(v16.02.04): Design.cpp (1011) at Sun Dec 02 21:33:13 2018
P-CAD 2001 Schematic(v16.02.04): FileObj.cpp (263) at Sun Dec 02 21:33:14 2018
P-CAD 2001 Schematic(v16.02.04): SchDsgn.cpp (3806) at Sun Dec 02 21:33:15 2018
P-CAD 2001 Schematic(v16.02.04) 'C:\Users\Nastya\Desktop\Kopia_Kopia_Kopia_1.sch': ReportMgr.cpp (1067) at Sun Dec 02 21:54:29 2018
P-CAD 2001 Schematic(v16.02.04): Design.cpp (1011) at Mon Dec 03 22:02:02 2018
P-CAD 2001 Schematic(v16.02.04): FileObj.cpp (263) at Mon Dec 03 22:02:03 2018
P-CAD 2001 Schematic(v16.02.04): SchDsgn.cpp (3806) at Mon Dec 03 22:02:04 2018
P-CAD 2001 Schematic(v16.02.04): Design.cpp (1011) at Thu Dec 06 07:11:20 2018
P-CAD 2001 Schematic(v16.02.04): FileObj.cpp (263) at Thu Dec 06 07:11:22 2018
P-CAD 2001 Schematic(v16.02.04): Design.cpp (1011) at Sat Dec 08 10:23:04 2018
P-CAD 2001 Schematic(v16.02.04): FileObj.cpp (263) at Sat Dec 08 10:23:05 2018
P-CAD 2001 Schematic(v16.02.04): SchDsgn.cpp (3806) at Sat Dec 08 10:23:06 2018
P-CAD 2001 Schematic(v16.02.04): Design.cpp (1011) at Sat Dec 08 10:23:36 2018
P-CAD 2001 Schematic(v16.02.04): FileObj.cpp (263) at Sat Dec 08 10:23:37 2018
P-CAD 2001 Schematic(v16.02.04): SchDsgn.cpp (3806) at Sat Dec 08 10:23:38 2018
P-CAD 2001 Schematic(v16.02.04): Design.cpp (1011) at Sat Dec 08 10:23:55 2018
P-CAD 2001 Schematic(v16.02.04): FileObj.cpp (263) at Sat Dec 08 10:23:57 2018
P-CAD 2001 Schematic(v16.02.04): Design.cpp (1011) at Sat Dec 08 10:24:19 2018
P-CAD 2001 Schematic(v16.02.04): FileObj.cpp (263) at Sat Dec 08 10:24:20 2018
P-CAD 2001 Schematic(v16.02.04): Design.cpp (1011) at Sun Dec 09 21:46:30 2018
P-CAD 2001 Schematic(v16.02.04): FileObj.cpp (263) at Sun Dec 09 21:46:31 2018
P-CAD 2001 Schematic(v16.02.04): SchDsgn.cpp (3806) at Sun Dec 09 21:46:32 2018
P-CAD 2001 Schematic(v16.02.04): Design.cpp (1011) at Sun Dec 09 21:47:03 2018
P-CAD 2001 Schematic(v16.02.04): FileObj.cpp (263) at Sun Dec 09 21:47:04 2018
P-CAD 2001 Schematic(v16.02.04): Design.cpp (1011) at Sun Dec 09 21:48:17 2018
P-CAD 2001 Schematic(v16.02.04): FileObj.cpp (263) at Sun Dec 09 21:48:19 2018
P-CAD 2001 Schematic(v16.02.04): SchDsgn.cpp (3806) at Sun Dec 09 21:48:19 2018
P-CAD 2001 Schematic(v16.02.04): Design.cpp (1011) at Mon Dec 10 20:58:46 2018
P-CAD 2001 Schematic(v16.02.04): FileObj.cpp (263) at Mon Dec 10 20:58:48 2018
P-CAD 2001 Schematic(v16.02.04) 'D:\ÊÏ ÂÌÑèÑ\Kopia_Kopia_Kopia_1.sch': ReportMgr.cpp (1067) at Thu Dec 13 07:28:28 2018
P-CAD 2001 Schematic(v16.02.04): Design.cpp (1011) at Thu Dec 13 21:48:13 2018
P-CAD 2001 Schematic(v16.02.04): FileObj.cpp (263) at Thu Dec 13 21:48:14 2018
P-CAD 2001 Schematic(v16.02.04) 'C:\Users\Nastya\Desktop\ÂîÃÓ\5 ñåìåñòð\ÊÏ ÂÌÑèÑ\Kopia_Kopia_Kopia_1.BAK': ReportMgr.cpp (1067) at Sat Dec 15 12:32:42 2018
P-CAD 2001 Schematic(v16.02.04) 'C:\Users\Nastya\Desktop\Kopi.sch': ReportMgr.cpp (1067) at Sat Dec 15 12:36:24 2018
P-CAD 2001 Schematic(v16.02.04): Design.cpp (1011) at Mon Dec 17 18:27:10 2018
P-CAD 2001 Schematic(v16.02.04): FileObj.cpp (263) at Mon Dec 17 18:27:12 2018
P-CAD 2001 Schematic(v16.02.04): SchDsgn.cpp (3806) at Mon Dec 17 18:27:14 2018
P-CAD 2001 Schematic(v16.02.04) 'C:\Users\Nastya\Downloads\Kopia_Kopia_Kopia_1.sch': ReportMgr.cpp (1067) at Mon Dec 17 18:29:12 2018
P-CAD 2001 Schematic(v16.02.04) 'C:\Users\Nastya\Downloads\Kopia_Kopia_Kopia_1.sch': ReportMgr.cpp (1067) at Mon Dec 17 18:30:53 2018
P-CAD 2001 Schematic(v16.02.04): Design.cpp (1011) at Mon Dec 17 22:06:44 2018
P-CAD 2001 Schematic(v16.02.04): FileObj.cpp (263) at Mon Dec 17 22:06:46 2018
P-CAD 2001 Schematic(v16.02.04): SchDsgn.cpp (3806) at Mon Dec 17 22:06:47 2018
P-CAD 2001 Schematic(v16.02.04): Design.cpp (1011) at Mon Dec 17 22:09:21 2018
P-CAD 2001 Schematic(v16.02.04): FileObj.cpp (263) at Mon Dec 17 22:09:22 2018
P-CAD 2001 Schematic(v16.02.04): Design.cpp (1011) at Mon Dec 17 22:10:20 2018
P-CAD 2001 Schematic(v16.02.04): FileObj.cpp (263) at Mon Dec 17 22:10:22 2018
P-CAD 2001 Schematic(v16.02.04): Design.cpp (1011) at Mon Dec 17 22:10:56 2018
P-CAD 2001 Schematic(v16.02.04): FileObj.cpp (263) at Mon Dec 17 22:10:57 2018
P-CAD 2001 Schematic(v16.02.04): Design.cpp (1011) at Mon Dec 17 22:12:47 2018
P-CAD 2001 Schematic(v16.02.04): FileObj.cpp (263) at Mon Dec 17 22:12:48 2018
P-CAD 2001 Schematic(v16.02.04): SchDsgn.cpp (3806) at Mon Dec 17 22:12:48 2018
P-CAD 2001 Schematic(v16.02.04) 'D:\ÊÏ ÂÌÑèÑ\Kopia_Kopia_Kopia_1.BAK': ReportMgr.cpp (1067) at Sat Jan 12 10:49:10 2019
P-CAD 2001 Schematic(v16.02.04): Design.cpp (1011) at Sun Jan 27 17:12:39 2019
P-CAD 2001 Schematic(v16.02.04): FileObj.cpp (263) at Sun Jan 27 17:12:40 2019
P-CAD 2001 Schematic(v16.02.04): SchDsgn.cpp (3806) at Sun Jan 27 17:12:40 2019
P-CAD 2001 Schematic(v16.02.04): Design.cpp (1011) at Sun Jan 27 17:13:09 2019
P-CAD 2001 Schematic(v16.02.04): FileObj.cpp (263) at Sun Jan 27 17:13:10 2019
P-CAD 2001 Schematic(v16.02.04): SchDsgn.cpp (3806) at Sun Jan 27 17:13:11 2019
P-CAD 2001 Schematic(v16.02.04): Design.cpp (1011) at Sun Jan 27 17:13:23 2019
P-CAD 2001 Schematic(v16.02.04): FileObj.cpp (263) at Sun Jan 27 17:13:25 2019
P-CAD 2001 Schematic(v16.02.04): Design.cpp (1011) at Sun Jan 27 17:14:49 2019
P-CAD 2001 Schematic(v16.02.04): FileObj.cpp (263) at Sun Jan 27 17:14:51 2019
P-CAD 2001 Schematic(v16.02.04) 'C:\Users\Nastya\Downloads\Kopia_Kopia_Kopia_1.sch': ReportMgr.cpp (1067) at Sun Jan 27 17:15:57 2019
P-CAD 2001 Schematic(v16.02.04): Design.cpp (1011) at Sun Jan 27 17:16:23 2019
P-CAD 2001 Schematic(v16.02.04): FileObj.cpp (263) at Sun Jan 27 17:16:24 2019
P-CAD 2001 Schematic(v16.02.04): SchDsgn.cpp (3806) at Sun Jan 27 17:16:25 2019
P-CAD 2001 Schematic(v16.02.04): Design.cpp (1011) at Sun Jan 27 17:16:34 2019
P-CAD 2001 Schematic(v16.02.04): FileObj.cpp (263) at Sun Jan 27 17:16:35 2019
P-CAD 2001 Schematic(v16.02.04): SchDsgn.cpp (3806) at Sun Jan 27 17:16:36 2019
P-CAD 2001 Schematic(v16.02.04): Design.cpp (1011) at Sun Jan 27 17:16:49 2019
P-CAD 2001 Schematic(v16.02.04): FileObj.cpp (263) at Sun Jan 27 17:16:50 2019
P-CAD 2001 Schematic(v16.02.04): Design.cpp (1011) at Sun Jan 27 17:16:57 2019
P-CAD 2001 Schematic(v16.02.04): FileObj.cpp (263) at Sun Jan 27 17:16:58 2019
P-CAD 2001 Schematic(v16.02.04) 'C:\Users\Nastya\Downloads\my2.sch': ReportMgr.cpp (1067) at Sun Jan 27 17:17:01 2019
P-CAD 2001 Schematic(v16.02.04) 'C:\Users\Nastya\Desktop\ÂîÃÓ\5 ñåìåñòð\ÂÌÑèÑ\! ÊÏ ÂÌÑèÑ\Kopia_Kopia_Kopia_1.sch': ReportMgr.cpp (1067) at Sun Feb 17 19:12:58 2019
P-CAD 2001 Schematic(v16.02.04) 'C:\Users\Nastya\Desktop\ÂîÃÓ\5 ñåìåñòð\ÂÌÑèÑ\! ÊÏ ÂÌÑèÑ\Kopia_Kopia_Kopia_1.sch': ReportMgr.cpp (1067) at Tue Feb 26 20:10:38 2019
P-CAD 2001 Schematic(v16.02.04) 'C:\Ana\ÂîÃÓ\5 ñåìåñòð\ÂÌÑèÑ\! ÊÏ ÂÌÑèÑ\Kopia_Kopia_Kopia_1.BAK': ReportMgr.cpp (1067) at Tue May 07 21:59:29 2019
P-CAD 2001 Schematic(v16.02.04) 'C:\Ana\ÂîÃÓ\5 ñåìåñòð\ÂÌÑèÑ\! ÊÏ ÂÌÑèÑ\Kopia_Kopia_Kopia_1.sch': ReportMgr.cpp (1067) at Sat Nov 09 09:32:53 2019
P-CAD 2001 Schematic(v16.02.04) 'C:\Users\nasty\Downloads\archive\Kopia_Kopia_Kopia_1.sch': ReportMgr.cpp (1067) at Mon Jan 31 16:28:06 2022
